c:\users\g00293306\onedrive - gmit\c++\matrix\matrix\debug\vc142.pdb
c:\users\g00293306\onedrive - gmit\c++\matrix\matrix\debug\vc142.idb
c:\users\g00293306\onedrive - gmit\c++\matrix\matrix\debug\matrix.obj
c:\users\g00293306\onedrive - gmit\c++\matrix\matrix\debug\main.obj
c:\users\g00293306\onedrive - gmit\c++\matrix\matrix\debug\testmatrix.obj
c:\users\g00293306\onedrive - gmit\c++\matrix\debug\matrix.pdb
c:\users\g00293306\onedrive - gmit\c++\matrix\matrix\debug\matrix.tlog\cl.command.1.tlog
c:\users\g00293306\onedrive - gmit\c++\matrix\matrix\debug\matrix.tlog\cl.read.1.tlog
c:\users\g00293306\onedrive - gmit\c++\matrix\matrix\debug\matrix.tlog\cl.write.1.tlog
c:\users\g00293306\onedrive - gmit\c++\matrix\matrix\debug\matrix.tlog\link-cvtres.read.1.tlog
c:\users\g00293306\onedrive - gmit\c++\matrix\matrix\debug\matrix.tlog\link-cvtres.write.1.tlog
c:\users\g00293306\onedrive - gmit\c++\matrix\matrix\debug\matrix.tlog\link-rc.read.1.tlog
c:\users\g00293306\onedrive - gmit\c++\matrix\matrix\debug\matrix.tlog\link-rc.write.1.tlog
c:\users\g00293306\onedrive - gmit\c++\matrix\matrix\debug\matrix.tlog\link.18912-cvtres.read.1.tlog
c:\users\g00293306\onedrive - gmit\c++\matrix\matrix\debug\matrix.tlog\link.18912-cvtres.write.1.tlog
c:\users\g00293306\onedrive - gmit\c++\matrix\matrix\debug\matrix.tlog\link.18912-rc.read.1.tlog
c:\users\g00293306\onedrive - gmit\c++\matrix\matrix\debug\matrix.tlog\link.18912-rc.write.1.tlog
c:\users\g00293306\onedrive - gmit\c++\matrix\matrix\debug\matrix.tlog\link.18912.read.1.tlog
c:\users\g00293306\onedrive - gmit\c++\matrix\matrix\debug\matrix.tlog\link.18912.write.1.tlog
c:\users\g00293306\onedrive - gmit\c++\matrix\matrix\debug\matrix.tlog\link.command.1.tlog
c:\users\g00293306\onedrive - gmit\c++\matrix\matrix\debug\matrix.tlog\link.read.1.tlog
c:\users\g00293306\onedrive - gmit\c++\matrix\matrix\debug\matrix.tlog\link.write.1.tlog
